# JRE version: OpenJDK Runtime Environment Microsoft-7208460 (11.0.18+10) (build 11.0.18+10-LTS)
# Java VM: OpenJDK 64-Bit Server VM Microsoft-7208460 (11.0.18+10-LTS, mixed mode, tiered, compressed oops, g1 gc, windows-amd64)
Heap:
 garbage-first heap   total 258048K, used 201667K [0x0000000080000000, 0x0000000100000000)
  region size 1024K, 147 young (150528K), 19 survivors (19456K)
 Metaspace       used 86070K, capacity 88632K, committed 88712K, reserved 593920K
  class space    used 11053K, capacity 12084K, committed 12160K, reserved 516096K
GC Heap History (20 events):
Event: 6.569 GC heap before
{Heap before GC invocations=0 (full 0):
 garbage-first heap   total 258048K, used 27648K [0x0000000080000000, 0x0000000100000000)
  region size 1024K, 24 young (24576K), 0 survivors (0K)
 Metaspace       used 9768K, capacity 9968K, committed 10112K, reserved 526336K
  class space    used 991K, capacity 1069K, committed 1152K, reserved 516096K
}
Event: 6.661 GC heap after
{Heap after GC invocations=1 (full 0):
 garbage-first heap   total 258048K, used 10419K [0x0000000080000000, 0x0000000100000000)
  region size 1024K, 3 young (3072K), 3 survivors (3072K)
 Metaspace       used 9768K, capacity 9968K, committed 10112K, reserved 526336K
  class space    used 991K, capacity 1069K, committed 1152K, reserved 516096K
}
Event: 20.538 GC heap before
{Heap before GC invocations=1 (full 0):
 garbage-first heap   total 258048K, used 103603K [0x0000000080000000, 0x0000000100000000)
  region size 1024K, 94 young (96256K), 3 survivors (3072K)
 Metaspace       used 20780K, capacity 21201K, committed 21296K, reserved 536576K
  class space    used 2482K, capacity 2651K, committed 2688K, reserved 516096K
}
Event: 20.627 GC heap after
{Heap after GC invocations=2 (full 0):
 garbage-first heap   total 258048K, used 17964K [0x0000000080000000, 0x0000000100000000)
  region size 1024K, 11 young (11264K), 11 survivors (11264K)
 Metaspace       used 20780K, capacity 21201K, committed 21296K, reserved 536576K
  class space    used 2482K, capacity 2651K, committed 2688K, reserved 516096K
}
Event: 21.090 GC heap before
{Heap before GC invocations=3 (full 0):
 garbage-first heap   total 258048K, used 29228K [0x0000000080000000, 0x0000000100000000)
  region size 1024K, 22 young (22528K), 11 survivors (11264K)
 Metaspace       used 21859K, capacity 22316K, committed 22576K, reserved 536576K
  class space    used 2654K, capacity 2852K, committed 2944K, reserved 516096K
}
Event: 21.099 GC heap after
{Heap after GC invocations=4 (full 0):
 garbage-first heap   total 258048K, used 18739K [0x0000000080000000, 0x0000000100000000)
  region size 1024K, 1 young (1024K), 1 survivors (1024K)
 Metaspace       used 21859K, capacity 22316K, committed 22576K, reserved 536576K
  class space    used 2654K, capacity 2852K, committed 2944K, reserved 516096K
}
Event: 24.233 GC heap before
{Heap before GC invocations=4 (full 0):
 garbage-first heap   total 258048K, used 117043K [0x0000000080000000, 0x0000000100000000)
  region size 1024K, 97 young (99328K), 1 survivors (1024K)
 Metaspace       used 30763K, capacity 31485K, committed 31792K, reserved 544768K
  class space    used 4047K, capacity 4362K, committed 4480K, reserved 516096K
}
Event: 24.239 GC heap after
{Heap after GC invocations=5 (full 0):
 garbage-first heap   total 258048K, used 21677K [0x0000000080000000, 0x0000000100000000)
  region size 1024K, 4 young (4096K), 4 survivors (4096K)
 Metaspace       used 30763K, capacity 31485K, committed 31792K, reserved 544768K
  class space    used 4047K, capacity 4362K, committed 4480K, reserved 516096K
}
Event: 25.107 GC heap before
{Heap before GC invocations=5 (full 0):
 garbage-first heap   total 258048K, used 41133K [0x0000000080000000, 0x0000000100000000)
  region size 1024K, 24 young (24576K), 4 survivors (4096K)
 Metaspace       used 35008K, capacity 35799K, committed 35920K, reserved 548864K
  class space    used 4464K, capacity 4781K, committed 4864K, reserved 516096K
}
Event: 25.126 GC heap after
{Heap after GC invocations=6 (full 0):
 garbage-first heap   total 258048K, used 23681K [0x0000000080000000, 0x0000000100000000)
  region size 1024K, 6 young (6144K), 6 survivors (6144K)
 Metaspace       used 35008K, capacity 35799K, committed 35920K, reserved 548864K
  class space    used 4464K, capacity 4781K, committed 4864K, reserved 516096K
}
Event: 48.131 GC heap before
{Heap before GC invocations=7 (full 0):
 garbage-first heap   total 258048K, used 143489K [0x0000000080000000, 0x0000000100000000)
  region size 1024K, 120 young (122880K), 6 survivors (6144K)
 Metaspace       used 44881K, capacity 46166K, committed 46416K, reserved 557056K
  class space    used 5631K, capacity 6134K, committed 6144K, reserved 516096K
}
Event: 48.153 GC heap after
{Heap after GC invocations=8 (full 0):
 garbage-first heap   total 258048K, used 31715K [0x0000000080000000, 0x0000000100000000)
  region size 1024K, 14 young (14336K), 14 survivors (14336K)
 Metaspace       used 44881K, capacity 46166K, committed 46416K, reserved 557056K
  class space    used 5631K, capacity 6134K, committed 6144K, reserved 516096K
}
Event: 52.538 GC heap before
{Heap before GC invocations=8 (full 0):
 garbage-first heap   total 258048K, used 161763K [0x0000000080000000, 0x0000000100000000)
  region size 1024K, 135 young (138240K), 14 survivors (14336K)
 Metaspace       used 54959K, capacity 56511K, committed 56784K, reserved 565248K
  class space    used 7035K, capacity 7701K, committed 7808K, reserved 516096K
}
Event: 52.558 GC heap after
{Heap after GC invocations=9 (full 0):
 garbage-first heap   total 258048K, used 42921K [0x0000000080000000, 0x0000000100000000)
  region size 1024K, 14 young (14336K), 14 survivors (14336K)
 Metaspace       used 54959K, capacity 56511K, committed 56784K, reserved 565248K
  class space    used 7035K, capacity 7701K, committed 7808K, reserved 516096K
}
Event: 54.047 GC heap before
{Heap before GC invocations=9 (full 0):
 garbage-first heap   total 258048K, used 86953K [0x0000000080000000, 0x0000000100000000)
  region size 1024K, 58 young (59392K), 14 survivors (14336K)
 Metaspace       used 58420K, capacity 60139K, committed 60296K, reserved 569344K
  class space    used 7556K, capacity 8254K, committed 8320K, reserved 516096K
}
Event: 54.078 GC heap after
{Heap after GC invocations=10 (full 0):
 garbage-first heap   total 258048K, used 44878K [0x0000000080000000, 0x0000000100000000)
  region size 1024K, 9 young (9216K), 9 survivors (9216K)
 Metaspace       used 58420K, capacity 60139K, committed 60296K, reserved 569344K
  class space    used 7556K, capacity 8254K, committed 8320K, reserved 516096K
}
Event: 59.651 GC heap before
{Heap before GC invocations=11 (full 0):
 garbage-first heap   total 258048K, used 184142K [0x0000000080000000, 0x0000000100000000)
  region size 1024K, 145 young (148480K), 9 survivors (9216K)
 Metaspace       used 67956K, capacity 69984K, committed 70152K, reserved 577536K
  class space    used 8850K, capacity 9686K, committed 9728K, reserved 516096K
}
Event: 59.664 GC heap after
{Heap after GC invocations=12 (full 0):
 garbage-first heap   total 258048K, used 49468K [0x0000000080000000, 0x0000000100000000)
  region size 1024K, 13 young (13312K), 13 survivors (13312K)
 Metaspace       used 67956K, capacity 69984K, committed 70152K, reserved 577536K
  class space    used 8850K, capacity 9686K, committed 9728K, reserved 516096K
}
Event: 81.113 GC heap before
{Heap before GC invocations=12 (full 0):
 garbage-first heap   total 258048K, used 191804K [0x0000000080000000, 0x0000000100000000)
  region size 1024K, 151 young (154624K), 13 survivors (13312K)
 Metaspace       used 77731K, capacity 80124K, committed 80392K, reserved 585728K
  class space    used 9993K, capacity 10946K, committed 11008K, reserved 516096K
}
Event: 81.132 GC heap after
{Heap after GC invocations=13 (full 0):
 garbage-first heap   total 258048K, used 63427K [0x0000000080000000, 0x0000000100000000)
  region size 1024K, 19 young (19456K), 19 survivors (19456K)
 Metaspace       used 77731K, capacity 80124K, committed 80392K, reserved 585728K
  class space    used 9993K, capacity 10946K, committed 11008K, reserved 516096K
}

