# JRE version: OpenJDK Runtime Environment Microsoft-7208460 (11.0.18+10) (build 11.0.18+10-LTS)
# Java VM: OpenJDK 64-Bit Server VM Microsoft-7208460 (11.0.18+10-LTS, mixed mode, tiered, compressed oops, g1 gc, windows-amd64)
Heap:
 garbage-first heap   total 258048K, used 65854K [0x0000000080000000, 0x0000000100000000)
  region size 1024K, 18 young (18432K), 13 survivors (13312K)
 Metaspace       used 73970K, capacity 76301K, committed 76456K, reserved 583680K
  class space    used 9593K, capacity 10531K, committed 10624K, reserved 516096K
GC Heap History (20 events):
Event: 7.403 GC heap before
{Heap before GC invocations=0 (full 0):
 garbage-first heap   total 258048K, used 27648K [0x0000000080000000, 0x0000000100000000)
  region size 1024K, 24 young (24576K), 0 survivors (0K)
 Metaspace       used 9698K, capacity 9968K, committed 10112K, reserved 526336K
  class space    used 982K, capacity 1069K, committed 1152K, reserved 516096K
}
Event: 7.712 GC heap after
{Heap after GC invocations=1 (full 0):
 garbage-first heap   total 258048K, used 10409K [0x0000000080000000, 0x0000000100000000)
  region size 1024K, 3 young (3072K), 3 survivors (3072K)
 Metaspace       used 9698K, capacity 9968K, committed 10112K, reserved 526336K
  class space    used 982K, capacity 1069K, committed 1152K, reserved 516096K
}
Event: 24.232 GC heap before
{Heap before GC invocations=1 (full 0):
 garbage-first heap   total 258048K, used 103593K [0x0000000080000000, 0x0000000100000000)
  region size 1024K, 94 young (96256K), 3 survivors (3072K)
 Metaspace       used 20812K, capacity 21204K, committed 21296K, reserved 536576K
  class space    used 2486K, capacity 2652K, committed 2688K, reserved 516096K
}
Event: 24.268 GC heap after
{Heap after GC invocations=2 (full 0):
 garbage-first heap   total 258048K, used 18558K [0x0000000080000000, 0x0000000100000000)
  region size 1024K, 11 young (11264K), 11 survivors (11264K)
 Metaspace       used 20812K, capacity 21204K, committed 21296K, reserved 536576K
  class space    used 2486K, capacity 2652K, committed 2688K, reserved 516096K
}
Event: 24.673 GC heap before
{Heap before GC invocations=3 (full 0):
 garbage-first heap   total 258048K, used 25726K [0x0000000080000000, 0x0000000100000000)
  region size 1024K, 18 young (18432K), 11 survivors (11264K)
 Metaspace       used 21715K, capacity 22191K, committed 22448K, reserved 536576K
  class space    used 2620K, capacity 2789K, committed 2816K, reserved 516096K
}
Event: 24.681 GC heap after
{Heap after GC invocations=4 (full 0):
 garbage-first heap   total 258048K, used 18309K [0x0000000080000000, 0x0000000100000000)
  region size 1024K, 1 young (1024K), 1 survivors (1024K)
 Metaspace       used 21715K, capacity 22191K, committed 22448K, reserved 536576K
  class space    used 2620K, capacity 2789K, committed 2816K, reserved 516096K
}
Event: 26.900 GC heap before
{Heap before GC invocations=4 (full 0):
 garbage-first heap   total 258048K, used 78725K [0x0000000080000000, 0x0000000100000000)
  region size 1024K, 60 young (61440K), 1 survivors (1024K)
 Metaspace       used 27498K, capacity 28120K, committed 28336K, reserved 540672K
  class space    used 3536K, capacity 3773K, committed 3840K, reserved 516096K
}
Event: 26.904 GC heap after
{Heap after GC invocations=5 (full 0):
 garbage-first heap   total 258048K, used 20359K [0x0000000080000000, 0x0000000100000000)
  region size 1024K, 3 young (3072K), 3 survivors (3072K)
 Metaspace       used 27498K, capacity 28120K, committed 28336K, reserved 540672K
  class space    used 3536K, capacity 3773K, committed 3840K, reserved 516096K
}
Event: 28.643 GC heap before
{Heap before GC invocations=5 (full 0):
 garbage-first heap   total 258048K, used 76679K [0x0000000080000000, 0x0000000100000000)
  region size 1024K, 59 young (60416K), 3 survivors (3072K)
 Metaspace       used 35043K, capacity 35830K, committed 35920K, reserved 548864K
  class space    used 4478K, capacity 4813K, committed 4864K, reserved 516096K
}
Event: 28.656 GC heap after
{Heap after GC invocations=6 (full 0):
 garbage-first heap   total 258048K, used 23440K [0x0000000080000000, 0x0000000100000000)
  region size 1024K, 6 young (6144K), 6 survivors (6144K)
 Metaspace       used 35043K, capacity 35830K, committed 35920K, reserved 548864K
  class space    used 4478K, capacity 4813K, committed 4864K, reserved 516096K
}
Event: 51.171 GC heap before
{Heap before GC invocations=7 (full 0):
 garbage-first heap   total 258048K, used 133008K [0x0000000080000000, 0x0000000100000000)
  region size 1024K, 110 young (112640K), 6 survivors (6144K)
 Metaspace       used 44125K, capacity 45379K, committed 45520K, reserved 557056K
  class space    used 5502K, capacity 5997K, committed 6016K, reserved 516096K
}
Event: 51.200 GC heap after
{Heap after GC invocations=8 (full 0):
 garbage-first heap   total 258048K, used 30505K [0x0000000080000000, 0x0000000100000000)
  region size 1024K, 13 young (13312K), 13 survivors (13312K)
 Metaspace       used 44125K, capacity 45379K, committed 45520K, reserved 557056K
  class space    used 5502K, capacity 5997K, committed 6016K, reserved 516096K
}
Event: 60.192 GC heap before
{Heap before GC invocations=9 (full 0):
 garbage-first heap   total 258048K, used 152361K [0x0000000080000000, 0x0000000100000000)
  region size 1024K, 126 young (129024K), 13 survivors (13312K)
 Metaspace       used 52390K, capacity 53971K, committed 54096K, reserved 563200K
  class space    used 6719K, capacity 7389K, committed 7424K, reserved 516096K
}
Event: 60.245 GC heap after
{Heap after GC invocations=10 (full 0):
 garbage-first heap   total 258048K, used 41442K [0x0000000080000000, 0x0000000100000000)
  region size 1024K, 12 young (12288K), 12 survivors (12288K)
 Metaspace       used 52390K, capacity 53971K, committed 54096K, reserved 563200K
  class space    used 6719K, capacity 7389K, committed 7424K, reserved 516096K
}
Event: 63.776 GC heap before
{Heap before GC invocations=10 (full 0):
 garbage-first heap   total 258048K, used 173538K [0x0000000080000000, 0x0000000100000000)
  region size 1024K, 141 young (144384K), 12 survivors (12288K)
 Metaspace       used 64407K, capacity 66287K, committed 66512K, reserved 575488K
  class space    used 8340K, capacity 9082K, committed 9088K, reserved 516096K
}
Event: 63.795 GC heap after
{Heap after GC invocations=11 (full 0):
 garbage-first heap   total 258048K, used 47618K [0x0000000080000000, 0x0000000100000000)
  region size 1024K, 12 young (12288K), 12 survivors (12288K)
 Metaspace       used 64407K, capacity 66287K, committed 66512K, reserved 575488K
  class space    used 8340K, capacity 9082K, committed 9088K, reserved 516096K
}
Event: 75.463 GC heap before
{Heap before GC invocations=11 (full 0):
 garbage-first heap   total 258048K, used 178690K [0x0000000080000000, 0x0000000100000000)
  region size 1024K, 140 young (143360K), 12 survivors (12288K)
 Metaspace       used 72418K, capacity 74602K, committed 74704K, reserved 581632K
  class space    used 9408K, capacity 10291K, committed 10368K, reserved 516096K
}
Event: 75.486 GC heap after
{Heap after GC invocations=12 (full 0):
 garbage-first heap   total 258048K, used 56120K [0x0000000080000000, 0x0000000100000000)
  region size 1024K, 15 young (15360K), 15 survivors (15360K)
 Metaspace       used 72418K, capacity 74602K, committed 74704K, reserved 581632K
  class space    used 9408K, capacity 10291K, committed 10368K, reserved 516096K
}
Event: 84.354 GC heap before
{Heap before GC invocations=12 (full 0):
 garbage-first heap   total 258048K, used 94008K [0x0000000080000000, 0x0000000100000000)
  region size 1024K, 52 young (53248K), 15 survivors (15360K)
 Metaspace       used 73489K, capacity 75804K, committed 75856K, reserved 581632K
  class space    used 9538K, capacity 10472K, committed 10496K, reserved 516096K
}
Event: 84.384 GC heap after
{Heap after GC invocations=13 (full 0):
 garbage-first heap   total 258048K, used 61758K [0x0000000080000000, 0x0000000100000000)
  region size 1024K, 13 young (13312K), 13 survivors (13312K)
 Metaspace       used 73489K, capacity 75804K, committed 75856K, reserved 581632K
  class space    used 9538K, capacity 10472K, committed 10496K, reserved 516096K
}

