# JRE version: OpenJDK Runtime Environment Microsoft-7208460 (11.0.18+10) (build 11.0.18+10-LTS)
# Java VM: OpenJDK 64-Bit Server VM Microsoft-7208460 (11.0.18+10-LTS, mixed mode, tiered, compressed oops, g1 gc, windows-amd64)
Heap:
 garbage-first heap   total 258048K, used 99539K [0x0000000080000000, 0x0000000100000000)
  region size 1024K, 80 young (81920K), 13 survivors (13312K)
 Metaspace       used 48787K, capacity 50095K, committed 50128K, reserved 561152K
  class space    used 6251K, capacity 6778K, committed 6784K, reserved 516096K
GC Heap History (12 events):
Event: 5.257 GC heap before
{Heap before GC invocations=0 (full 0):
 garbage-first heap   total 258048K, used 27648K [0x0000000080000000, 0x0000000100000000)
  region size 1024K, 24 young (24576K), 0 survivors (0K)
 Metaspace       used 9763K, capacity 9968K, committed 10112K, reserved 526336K
  class space    used 991K, capacity 1069K, committed 1152K, reserved 516096K
}
Event: 5.755 GC heap after
{Heap after GC invocations=1 (full 0):
 garbage-first heap   total 258048K, used 10417K [0x0000000080000000, 0x0000000100000000)
  region size 1024K, 3 young (3072K), 3 survivors (3072K)
 Metaspace       used 9763K, capacity 9968K, committed 10112K, reserved 526336K
  class space    used 991K, capacity 1069K, committed 1152K, reserved 516096K
}
Event: 27.510 GC heap before
{Heap before GC invocations=1 (full 0):
 garbage-first heap   total 258048K, used 103601K [0x0000000080000000, 0x0000000100000000)
  region size 1024K, 94 young (96256K), 3 survivors (3072K)
 Metaspace       used 20812K, capacity 21204K, committed 21296K, reserved 536576K
  class space    used 2486K, capacity 2652K, committed 2688K, reserved 516096K
}
Event: 27.580 GC heap after
{Heap after GC invocations=2 (full 0):
 garbage-first heap   total 258048K, used 18333K [0x0000000080000000, 0x0000000100000000)
  region size 1024K, 11 young (11264K), 11 survivors (11264K)
 Metaspace       used 20812K, capacity 21204K, committed 21296K, reserved 536576K
  class space    used 2486K, capacity 2652K, committed 2688K, reserved 516096K
}
Event: 27.880 GC heap before
{Heap before GC invocations=3 (full 0):
 garbage-first heap   total 258048K, used 29597K [0x0000000080000000, 0x0000000100000000)
  region size 1024K, 22 young (22528K), 11 survivors (11264K)
 Metaspace       used 21901K, capacity 22316K, committed 22576K, reserved 536576K
  class space    used 2660K, capacity 2852K, committed 2944K, reserved 516096K
}
Event: 27.888 GC heap after
{Heap after GC invocations=4 (full 0):
 garbage-first heap   total 258048K, used 18929K [0x0000000080000000, 0x0000000100000000)
  region size 1024K, 1 young (1024K), 1 survivors (1024K)
 Metaspace       used 21901K, capacity 22316K, committed 22576K, reserved 536576K
  class space    used 2660K, capacity 2852K, committed 2944K, reserved 516096K
}
Event: 30.873 GC heap before
{Heap before GC invocations=4 (full 0):
 garbage-first heap   total 258048K, used 91633K [0x0000000080000000, 0x0000000100000000)
  region size 1024K, 72 young (73728K), 1 survivors (1024K)
 Metaspace       used 28439K, capacity 29124K, committed 29232K, reserved 542720K
  class space    used 3697K, capacity 3960K, committed 3968K, reserved 516096K
}
Event: 30.878 GC heap after
{Heap after GC invocations=5 (full 0):
 garbage-first heap   total 258048K, used 21129K [0x0000000080000000, 0x0000000100000000)
  region size 1024K, 3 young (3072K), 3 survivors (3072K)
 Metaspace       used 28439K, capacity 29124K, committed 29232K, reserved 542720K
  class space    used 3697K, capacity 3960K, committed 3968K, reserved 516096K
}
Event: 32.409 GC heap before
{Heap before GC invocations=5 (full 0):
 garbage-first heap   total 258048K, used 65161K [0x0000000080000000, 0x0000000100000000)
  region size 1024K, 47 young (48128K), 3 survivors (3072K)
 Metaspace       used 35023K, capacity 35800K, committed 35920K, reserved 548864K
  class space    used 4463K, capacity 4781K, committed 4864K, reserved 516096K
}
Event: 32.422 GC heap after
{Heap after GC invocations=6 (full 0):
 garbage-first heap   total 258048K, used 23812K [0x0000000080000000, 0x0000000100000000)
  region size 1024K, 6 young (6144K), 6 survivors (6144K)
 Metaspace       used 35023K, capacity 35800K, committed 35920K, reserved 548864K
  class space    used 4463K, capacity 4781K, committed 4864K, reserved 516096K
}
Event: 60.408 GC heap before
{Heap before GC invocations=7 (full 0):
 garbage-first heap   total 258048K, used 129284K [0x0000000080000000, 0x0000000100000000)
  region size 1024K, 107 young (109568K), 6 survivors (6144K)
 Metaspace       used 43203K, capacity 44484K, committed 44752K, reserved 555008K
  class space    used 5458K, capacity 5955K, committed 6016K, reserved 516096K
}
Event: 60.435 GC heap after
{Heap after GC invocations=8 (full 0):
 garbage-first heap   total 258048K, used 30931K [0x0000000080000000, 0x0000000100000000)
  region size 1024K, 13 young (13312K), 13 survivors (13312K)
 Metaspace       used 43203K, capacity 44484K, committed 44752K, reserved 555008K
  class space    used 5458K, capacity 5955K, committed 6016K, reserved 516096K
}

