# JRE version: OpenJDK Runtime Environment Microsoft-7208460 (11.0.18+10) (build 11.0.18+10-LTS)
# Java VM: OpenJDK 64-Bit Server VM Microsoft-7208460 (11.0.18+10-LTS, mixed mode, tiered, compressed oops, g1 gc, windows-amd64)
Heap:
 garbage-first heap   total 258048K, used 103668K [0x0000000080000000, 0x0000000100000000)
  region size 1024K, 86 young (88064K), 13 survivors (13312K)
 Metaspace       used 50465K, capacity 51849K, committed 51920K, reserved 561152K
  class space    used 6456K, capacity 7019K, committed 7040K, reserved 516096K
GC Heap History (12 events):
Event: 4.994 GC heap before
{Heap before GC invocations=0 (full 0):
 garbage-first heap   total 258048K, used 27648K [0x0000000080000000, 0x0000000100000000)
  region size 1024K, 24 young (24576K), 0 survivors (0K)
 Metaspace       used 9726K, capacity 9904K, committed 10112K, reserved 526336K
  class space    used 989K, capacity 1069K, committed 1152K, reserved 516096K
}
Event: 5.472 GC heap after
{Heap after GC invocations=1 (full 0):
 garbage-first heap   total 258048K, used 10421K [0x0000000080000000, 0x0000000100000000)
  region size 1024K, 3 young (3072K), 3 survivors (3072K)
 Metaspace       used 9726K, capacity 9904K, committed 10112K, reserved 526336K
  class space    used 989K, capacity 1069K, committed 1152K, reserved 516096K
}
Event: 21.558 GC heap before
{Heap before GC invocations=1 (full 0):
 garbage-first heap   total 258048K, used 103605K [0x0000000080000000, 0x0000000100000000)
  region size 1024K, 94 young (96256K), 3 survivors (3072K)
 Metaspace       used 20769K, capacity 21204K, committed 21296K, reserved 536576K
  class space    used 2483K, capacity 2652K, committed 2688K, reserved 516096K
}
Event: 21.726 GC heap after
{Heap after GC invocations=2 (full 0):
 garbage-first heap   total 258048K, used 17928K [0x0000000080000000, 0x0000000100000000)
  region size 1024K, 11 young (11264K), 11 survivors (11264K)
 Metaspace       used 20769K, capacity 21204K, committed 21296K, reserved 536576K
  class space    used 2483K, capacity 2652K, committed 2688K, reserved 516096K
}
Event: 22.639 GC heap before
{Heap before GC invocations=3 (full 0):
 garbage-first heap   total 258048K, used 28168K [0x0000000080000000, 0x0000000100000000)
  region size 1024K, 21 young (21504K), 11 survivors (11264K)
 Metaspace       used 21800K, capacity 22319K, committed 22576K, reserved 536576K
  class space    used 2647K, capacity 2853K, committed 2944K, reserved 516096K
}
Event: 22.647 GC heap after
{Heap after GC invocations=4 (full 0):
 garbage-first heap   total 258048K, used 18937K [0x0000000080000000, 0x0000000100000000)
  region size 1024K, 1 young (1024K), 1 survivors (1024K)
 Metaspace       used 21800K, capacity 22319K, committed 22576K, reserved 536576K
  class space    used 2647K, capacity 2853K, committed 2944K, reserved 516096K
}
Event: 27.788 GC heap before
{Heap before GC invocations=4 (full 0):
 garbage-first heap   total 258048K, used 118265K [0x0000000080000000, 0x0000000100000000)
  region size 1024K, 98 young (100352K), 1 survivors (1024K)
 Metaspace       used 30798K, capacity 31612K, committed 31792K, reserved 544768K
  class space    used 4053K, capacity 4362K, committed 4480K, reserved 516096K
}
Event: 27.793 GC heap after
{Heap after GC invocations=5 (full 0):
 garbage-first heap   total 258048K, used 21837K [0x0000000080000000, 0x0000000100000000)
  region size 1024K, 4 young (4096K), 4 survivors (4096K)
 Metaspace       used 30798K, capacity 31612K, committed 31792K, reserved 544768K
  class space    used 4053K, capacity 4362K, committed 4480K, reserved 516096K
}
Event: 29.658 GC heap before
{Heap before GC invocations=5 (full 0):
 garbage-first heap   total 258048K, used 41293K [0x0000000080000000, 0x0000000100000000)
  region size 1024K, 24 young (24576K), 4 survivors (4096K)
 Metaspace       used 34974K, capacity 35830K, committed 35920K, reserved 548864K
  class space    used 4469K, capacity 4813K, committed 4864K, reserved 516096K
}
Event: 29.670 GC heap after
{Heap after GC invocations=6 (full 0):
 garbage-first heap   total 258048K, used 23899K [0x0000000080000000, 0x0000000100000000)
  region size 1024K, 6 young (6144K), 6 survivors (6144K)
 Metaspace       used 34974K, capacity 35830K, committed 35920K, reserved 548864K
  class space    used 4469K, capacity 4813K, committed 4864K, reserved 516096K
}
Event: 64.305 GC heap before
{Heap before GC invocations=7 (full 0):
 garbage-first heap   total 258048K, used 145755K [0x0000000080000000, 0x0000000100000000)
  region size 1024K, 122 young (124928K), 6 survivors (6144K)
 Metaspace       used 44959K, capacity 46237K, committed 46416K, reserved 557056K
  class space    used 5642K, capacity 6136K, committed 6144K, reserved 516096K
}
Event: 64.317 GC heap after
{Heap after GC invocations=8 (full 0):
 garbage-first heap   total 258048K, used 30964K [0x0000000080000000, 0x0000000100000000)
  region size 1024K, 13 young (13312K), 13 survivors (13312K)
 Metaspace       used 44959K, capacity 46237K, committed 46416K, reserved 557056K
  class space    used 5642K, capacity 6136K, committed 6144K, reserved 516096K
}

